<?xml version="1.0" encoding="UTF-8"?>
<!-- Generated by org.testng.reporters.JUnitReportReporter -->
<testsuite hostname="LTIN593356" failures="0" tests="3" name="hack.SeleniumBikeFilter" time="7.101" errors="0" timestamp="2025-04-15T11:55:07 IST" skipped="0">
  <testcase classname="hack.SeleniumBikeFilter" name="navigateToUpcomingBikes" time="6.405"/>
  <system-out/>
  <testcase classname="hack.SeleniumBikeFilter" name="verifyHondaBikeFiltering" time="0.329"/>
  <system-out/>
  <testcase classname="hack.SeleniumBikeFilter" name="filterHondaBikes" time="0.367"/>
  <system-out/>
</testsuite> <!-- hack.SeleniumBikeFilter -->
