<?xml version="1.0" encoding="UTF-8"?>
<!-- Generated by org.testng.reporters.JUnitReportReporter -->
<testsuite hostname="LTIN593356" failures="0" tests="4" name="hack.RentACarTest" time="6.181" errors="0" timestamp="2025-04-10T11:21:51 IST" skipped="0">
  <testcase classname="hack.RentACarTest" name="testInvalidEmailFormat" time="4.364"/>
  <system-out/>
  <testcase classname="hack.RentACarTest" name="testNonExistentEmail" time="0.873"/>
  <system-out/>
  <testcase classname="hack.RentACarTest" name="testValidEmailRequiresPassword" time="0.356"/>
  <system-out/>
  <testcase classname="hack.RentACarTest" name="testBrowserInsecureError" time="0.588"/>
  <system-out/>
</testsuite> <!-- hack.RentACarTest -->
