<?xml version="1.0" encoding="UTF-8"?>
<!-- Generated by org.testng.reporters.JUnitReportReporter -->
<testsuite hostname="LTIN593356" failures="0" tests="4" name="hack.UserLogin" time="6.120" errors="0" timestamp="2025-04-15T10:16:53 IST" skipped="0">
  <testcase classname="hack.UserLogin" name="testInvalidEmailFormat" time="4.166"/>
  <system-out/>
  <testcase classname="hack.UserLogin" name="testNonExistentEmail" time="0.928"/>
  <system-out/>
  <testcase classname="hack.UserLogin" name="testValidEmailRequiresPassword" time="0.461"/>
  <system-out/>
  <testcase classname="hack.UserLogin" name="testBrowserInsecureError" time="0.565"/>
  <system-out/>
</testsuite> <!-- hack.UserLogin -->
